<?xml version="1.0" encoding="UTF-8"?>
<testsuite xmlns:xsi="http://www.w3.org/2001/XMLSchema-instance" xsi:schemaLocation="https://maven.apache.org/surefire/maven-surefire-plugin/xsd/surefire-test-report.xsd" name="TestSuite" time="104.229" tests="8" errors="0" skipped="0" failures="0">
  <properties>
    <property name="java.runtime.name" value="Java(TM) SE Runtime Environment"/>
    <property name="sun.boot.library.path" value="/usr/lib/jvm/jdk1.8.0_221/jre/lib/amd64"/>
    <property name="java.vm.version" value="25.221-b11"/>
    <property name="java.vm.vendor" value="Oracle Corporation"/>
    <property name="maven.multiModuleProjectDirectory" value="/home/discovery/work/source/framework/framework-sel"/>
    <property name="java.vendor.url" value="http://java.oracle.com/"/>
    <property name="path.separator" value=":"/>
    <property name="guice.disable.misplaced.annotation.check" value="true"/>
    <property name="java.vm.name" value="Java HotSpot(TM) 64-Bit Server VM"/>
    <property name="file.encoding.pkg" value="sun.io"/>
    <property name="user.country" value="IN"/>
    <property name="sun.java.launcher" value="SUN_STANDARD"/>
    <property name="sun.os.patch.level" value="unknown"/>
    <property name="java.vm.specification.name" value="Java Virtual Machine Specification"/>
    <property name="user.dir" value="/home/discovery/work/source/framework/framework-sel"/>
    <property name="java.runtime.version" value="1.8.0_221-b11"/>
    <property name="java.awt.graphicsenv" value="sun.awt.X11GraphicsEnvironment"/>
    <property name="java.endorsed.dirs" value="/usr/lib/jvm/jdk1.8.0_221/jre/lib/endorsed"/>
    <property name="os.arch" value="amd64"/>
    <property name="java.io.tmpdir" value="/tmp"/>
    <property name="line.separator" value="&#10;"/>
    <property name="java.vm.specification.vendor" value="Oracle Corporation"/>
    <property name="os.name" value="Linux"/>
    <property name="maven.ext.class.path" value="/home/discovery/Downloads/idea-IC-192.7142.36/plugins/maven/lib/maven-event-listener.jar"/>
    <property name="classworlds.conf" value="/home/discovery/Downloads/idea-IC-192.7142.36/plugins/maven/lib/maven3/bin/m2.conf"/>
    <property name="sun.jnu.encoding" value="UTF-8"/>
    <property name="java.library.path" value="/usr/java/packages/lib/amd64:/usr/lib64:/lib64:/lib:/usr/lib"/>
    <property name="maven.conf" value="/home/discovery/Downloads/idea-IC-192.7142.36/plugins/maven/lib/maven3/conf"/>
    <property name="java.specification.name" value="Java Platform API Specification"/>
    <property name="java.class.version" value="52.0"/>
    <property name="sun.management.compiler" value="HotSpot 64-Bit Tiered Compilers"/>
    <property name="os.version" value="4.9.0-9-amd64"/>
    <property name="user.home" value="/home/discovery"/>
    <property name="user.timezone" value="Asia/Kolkata"/>
    <property name="java.awt.printerjob" value="sun.print.PSPrinterJob"/>
    <property name="java.specification.version" value="1.8"/>
    <property name="file.encoding" value="UTF-8"/>
    <property name="idea.version2019.2.4" value="true"/>
    <property name="user.name" value="discovery"/>
    <property name="java.class.path" value="/home/discovery/Downloads/idea-IC-192.7142.36/plugins/maven/lib/maven3/boot/plexus-classworlds-2.6.0.jar:/home/discovery/Downloads/idea-IC-192.7142.36/lib/idea_rt.jar"/>
    <property name="java.vm.specification.version" value="1.8"/>
    <property name="sun.arch.data.model" value="64"/>
    <property name="java.home" value="/usr/lib/jvm/jdk1.8.0_221/jre"/>
    <property name="sun.java.command" value="org.codehaus.classworlds.Launcher -Didea.version2019.2.4 clean test -DtestSuite=src/test/resources/suite/Basic-TestNG-Suite.xml"/>
    <property name="testSuite" value="src/test/resources/suite/Basic-TestNG-Suite.xml"/>
    <property name="java.specification.vendor" value="Oracle Corporation"/>
    <property name="user.language" value="en"/>
    <property name="awt.toolkit" value="sun.awt.X11.XToolkit"/>
    <property name="java.vm.info" value="mixed mode"/>
    <property name="java.version" value="1.8.0_221"/>
    <property name="java.ext.dirs" value="/usr/lib/jvm/jdk1.8.0_221/jre/lib/ext:/usr/java/packages/lib/ext"/>
    <property name="securerandom.source" value="file:/dev/./urandom"/>
    <property name="sun.boot.class.path" value="/usr/lib/jvm/jdk1.8.0_221/jre/lib/resources.jar:/usr/lib/jvm/jdk1.8.0_221/jre/lib/rt.jar:/usr/lib/jvm/jdk1.8.0_221/jre/lib/sunrsasign.jar:/usr/lib/jvm/jdk1.8.0_221/jre/lib/jsse.jar:/usr/lib/jvm/jdk1.8.0_221/jre/lib/jce.jar:/usr/lib/jvm/jdk1.8.0_221/jre/lib/charsets.jar:/usr/lib/jvm/jdk1.8.0_221/jre/lib/jfr.jar:/usr/lib/jvm/jdk1.8.0_221/jre/classes"/>
    <property name="java.vendor" value="Oracle Corporation"/>
    <property name="maven.home" value="/home/discovery/Downloads/idea-IC-192.7142.36/plugins/maven/lib/maven3"/>
    <property name="file.separator" value="/"/>
    <property name="java.vendor.url.bug" value="http://bugreport.sun.com/bugreport/"/>
    <property name="sun.cpu.endian" value="little"/>
    <property name="sun.io.unicode.encoding" value="UnicodeLittle"/>
    <property name="sun.cpu.isalist" value=""/>
  </properties>
  <testcase name="openURL" classname="com.work.confluence.test.CreatePageTest" time="4.132"/>
  <testcase name="login" classname="com.work.confluence.test.CreatePageTest" time="10.79"/>
  <testcase name="createBlankPage" classname="com.work.confluence.test.CreatePageTest" time="23.981"/>
  <testcase name="openURL" classname="com.work.confluence.test.RestrictPageTest" time="4.166"/>
  <testcase name="login" classname="com.work.confluence.test.RestrictPageTest" time="10.601"/>
  <testcase name="goToUserSpace" classname="com.work.confluence.test.RestrictPageTest" time="3.156"/>
  <testcase name="openExistingPage" classname="com.work.confluence.test.RestrictPageTest" time="4.594"/>
  <testcase name="applyPageRestrictions" classname="com.work.confluence.test.RestrictPageTest" time="9.169"/>
</testsuite>