<?xml version="1.0" encoding="UTF-8"?>
<!-- Generated by org.testng.reporters.JUnitReportReporter -->
<testsuite skipped="0" hostname="discovery" name="com.work.confluence.test.RestrictPageTest" tests="5" failures="0" timestamp="11 Nov 2019 12:17:52 GMT" time="31.642" errors="0">
  <testcase name="applyPageRestrictions" time="9.168" classname="com.work.confluence.test.RestrictPageTest"/>
  <testcase name="openURL" time="4.125" classname="com.work.confluence.test.RestrictPageTest"/>
  <testcase name="goToUserSpace" time="3.155" classname="com.work.confluence.test.RestrictPageTest"/>
  <testcase name="login" time="10.601" classname="com.work.confluence.test.RestrictPageTest"/>
  <testcase name="openExistingPage" time="4.593" classname="com.work.confluence.test.RestrictPageTest"/>
</testsuite> <!-- com.work.confluence.test.RestrictPageTest -->
