<?xml version="1.0" encoding="UTF-8"?>
<!-- Generated by org.testng.reporters.JUnitReportReporter -->
<testsuite skipped="0" hostname="discovery" name="com.work.confluence.test.CreatePageTest" tests="3" failures="0" timestamp="11 Nov 2019 12:17:52 GMT" time="38.893" errors="0">
  <testcase name="createBlankPage" time="23.978" classname="com.work.confluence.test.CreatePageTest"/>
  <testcase name="login" time="10.788" classname="com.work.confluence.test.CreatePageTest"/>
  <testcase name="openURL" time="4.127" classname="com.work.confluence.test.CreatePageTest"/>
</testsuite> <!-- com.work.confluence.test.CreatePageTest -->
